<?xml version="1.0" encoding="UTF-8"?>
<testsuite xmlns:xsi="http://www.w3.org/2001/XMLSchema-instance" xsi:noNamespaceSchemaLocation="https://maven.apache.org/surefire/maven-surefire-plugin/xsd/surefire-test-report-3.0.xsd" version="3.0" name="br.com.devsenior.ms_save_car.MsSaveCarApplicationTests" time="11.873" tests="1" errors="0" skipped="0" failures="0">
  <properties>
    <property name="java.specification.version" value="17"/>
    <property name="sun.jnu.encoding" value="UTF-8"/>
    <property name="java.class.path" value="/home/alex/Documentos/SÁBADO/2_Second_Project/ms-save-car/target/test-classes:/home/alex/Documentos/SÁBADO/2_Second_Project/ms-save-car/target/classes:/home/alex/.m2/repository/org/springframework/boot/spring-boot-starter-web/3.3.4/spring-boot-starter-web-3.3.4.jar:/home/alex/.m2/repository/org/springframework/boot/spring-boot-starter/3.3.4/spring-boot-starter-3.3.4.jar:/home/alex/.m2/repository/org/springframework/boot/spring-boot/3.3.4/spring-boot-3.3.4.jar:/home/alex/.m2/repository/org/springframework/boot/spring-boot-autoconfigure/3.3.4/spring-boot-autoconfigure-3.3.4.jar:/home/alex/.m2/repository/org/springframework/boot/spring-boot-starter-logging/3.3.4/spring-boot-starter-logging-3.3.4.jar:/home/alex/.m2/repository/ch/qos/logback/logback-classic/1.5.8/logback-classic-1.5.8.jar:/home/alex/.m2/repository/ch/qos/logback/logback-core/1.5.8/logback-core-1.5.8.jar:/home/alex/.m2/repository/org/apache/logging/log4j/log4j-to-slf4j/2.23.1/log4j-to-slf4j-2.23.1.jar:/home/alex/.m2/repository/org/apache/logging/log4j/log4j-api/2.23.1/log4j-api-2.23.1.jar:/home/alex/.m2/repository/org/slf4j/jul-to-slf4j/2.0.16/jul-to-slf4j-2.0.16.jar:/home/alex/.m2/repository/jakarta/annotation/jakarta.annotation-api/2.1.1/jakarta.annotation-api-2.1.1.jar:/home/alex/.m2/repository/org/yaml/snakeyaml/2.2/snakeyaml-2.2.jar:/home/alex/.m2/repository/org/springframework/boot/spring-boot-starter-json/3.3.4/spring-boot-starter-json-3.3.4.jar:/home/alex/.m2/repository/com/fasterxml/jackson/core/jackson-databind/2.17.2/jackson-databind-2.17.2.jar:/home/alex/.m2/repository/com/fasterxml/jackson/core/jackson-annotations/2.17.2/jackson-annotations-2.17.2.jar:/home/alex/.m2/repository/com/fasterxml/jackson/core/jackson-core/2.17.2/jackson-core-2.17.2.jar:/home/alex/.m2/repository/com/fasterxml/jackson/datatype/jackson-datatype-jdk8/2.17.2/jackson-datatype-jdk8-2.17.2.jar:/home/alex/.m2/repository/com/fasterxml/jackson/datatype/jackson-datatype-jsr310/2.17.2/jackson-datatype-jsr310-2.17.2.jar:/home/alex/.m2/repository/com/fasterxml/jackson/module/jackson-module-parameter-names/2.17.2/jackson-module-parameter-names-2.17.2.jar:/home/alex/.m2/repository/org/springframework/boot/spring-boot-starter-tomcat/3.3.4/spring-boot-starter-tomcat-3.3.4.jar:/home/alex/.m2/repository/org/apache/tomcat/embed/tomcat-embed-core/10.1.30/tomcat-embed-core-10.1.30.jar:/home/alex/.m2/repository/org/apache/tomcat/embed/tomcat-embed-el/10.1.30/tomcat-embed-el-10.1.30.jar:/home/alex/.m2/repository/org/apache/tomcat/embed/tomcat-embed-websocket/10.1.30/tomcat-embed-websocket-10.1.30.jar:/home/alex/.m2/repository/org/springframework/spring-web/6.1.13/spring-web-6.1.13.jar:/home/alex/.m2/repository/org/springframework/spring-beans/6.1.13/spring-beans-6.1.13.jar:/home/alex/.m2/repository/org/springframework/spring-webmvc/6.1.13/spring-webmvc-6.1.13.jar:/home/alex/.m2/repository/org/springframework/spring-aop/6.1.13/spring-aop-6.1.13.jar:/home/alex/.m2/repository/org/springframework/spring-context/6.1.13/spring-context-6.1.13.jar:/home/alex/.m2/repository/org/springframework/spring-expression/6.1.13/spring-expression-6.1.13.jar:/home/alex/.m2/repository/org/projectlombok/lombok/1.18.34/lombok-1.18.34.jar:/home/alex/.m2/repository/org/springframework/boot/spring-boot-starter-test/3.3.4/spring-boot-starter-test-3.3.4.jar:/home/alex/.m2/repository/org/springframework/boot/spring-boot-test/3.3.4/spring-boot-test-3.3.4.jar:/home/alex/.m2/repository/org/springframework/boot/spring-boot-test-autoconfigure/3.3.4/spring-boot-test-autoconfigure-3.3.4.jar:/home/alex/.m2/repository/com/jayway/jsonpath/json-path/2.9.0/json-path-2.9.0.jar:/home/alex/.m2/repository/org/slf4j/slf4j-api/2.0.16/slf4j-api-2.0.16.jar:/home/alex/.m2/repository/jakarta/xml/bind/jakarta.xml.bind-api/4.0.2/jakarta.xml.bind-api-4.0.2.jar:/home/alex/.m2/repository/jakarta/activation/jakarta.activation-api/2.1.3/jakarta.activation-api-2.1.3.jar:/home/alex/.m2/repository/net/minidev/json-smart/2.5.1/json-smart-2.5.1.jar:/home/alex/.m2/repository/net/minidev/accessors-smart/2.5.1/accessors-smart-2.5.1.jar:/home/alex/.m2/repository/org/ow2/asm/asm/9.6/asm-9.6.jar:/home/alex/.m2/repository/org/assertj/assertj-core/3.25.3/assertj-core-3.25.3.jar:/home/alex/.m2/repository/net/bytebuddy/byte-buddy/1.14.19/byte-buddy-1.14.19.jar:/home/alex/.m2/repository/org/awaitility/awaitility/4.2.2/awaitility-4.2.2.jar:/home/alex/.m2/repository/org/hamcrest/hamcrest/2.2/hamcrest-2.2.jar:/home/alex/.m2/repository/org/junit/jupiter/junit-jupiter/5.10.3/junit-jupiter-5.10.3.jar:/home/alex/.m2/repository/org/junit/jupiter/junit-jupiter-api/5.10.3/junit-jupiter-api-5.10.3.jar:/home/alex/.m2/repository/org/opentest4j/opentest4j/1.3.0/opentest4j-1.3.0.jar:/home/alex/.m2/repository/org/junit/platform/junit-platform-commons/1.10.3/junit-platform-commons-1.10.3.jar:/home/alex/.m2/repository/org/apiguardian/apiguardian-api/1.1.2/apiguardian-api-1.1.2.jar:/home/alex/.m2/repository/org/junit/jupiter/junit-jupiter-params/5.10.3/junit-jupiter-params-5.10.3.jar:/home/alex/.m2/repository/org/junit/jupiter/junit-jupiter-engine/5.10.3/junit-jupiter-engine-5.10.3.jar:/home/alex/.m2/repository/org/junit/platform/junit-platform-engine/1.10.3/junit-platform-engine-1.10.3.jar:/home/alex/.m2/repository/org/mockito/mockito-core/5.11.0/mockito-core-5.11.0.jar:/home/alex/.m2/repository/net/bytebuddy/byte-buddy-agent/1.14.19/byte-buddy-agent-1.14.19.jar:/home/alex/.m2/repository/org/objenesis/objenesis/3.3/objenesis-3.3.jar:/home/alex/.m2/repository/org/mockito/mockito-junit-jupiter/5.11.0/mockito-junit-jupiter-5.11.0.jar:/home/alex/.m2/repository/org/skyscreamer/jsonassert/1.5.3/jsonassert-1.5.3.jar:/home/alex/.m2/repository/com/vaadin/external/google/android-json/0.0.20131108.vaadin1/android-json-0.0.20131108.vaadin1.jar:/home/alex/.m2/repository/org/springframework/spring-core/6.1.13/spring-core-6.1.13.jar:/home/alex/.m2/repository/org/springframework/spring-jcl/6.1.13/spring-jcl-6.1.13.jar:/home/alex/.m2/repository/org/springframework/spring-test/6.1.13/spring-test-6.1.13.jar:/home/alex/.m2/repository/org/xmlunit/xmlunit-core/2.9.1/xmlunit-core-2.9.1.jar:/home/alex/.m2/repository/org/springframework/boot/spring-boot-starter-actuator/3.3.4/spring-boot-starter-actuator-3.3.4.jar:/home/alex/.m2/repository/org/springframework/boot/spring-boot-actuator-autoconfigure/3.3.4/spring-boot-actuator-autoconfigure-3.3.4.jar:/home/alex/.m2/repository/org/springframework/boot/spring-boot-actuator/3.3.4/spring-boot-actuator-3.3.4.jar:/home/alex/.m2/repository/io/micrometer/micrometer-observation/1.13.4/micrometer-observation-1.13.4.jar:/home/alex/.m2/repository/io/micrometer/micrometer-commons/1.13.4/micrometer-commons-1.13.4.jar:/home/alex/.m2/repository/io/micrometer/micrometer-jakarta9/1.13.4/micrometer-jakarta9-1.13.4.jar:/home/alex/.m2/repository/io/micrometer/micrometer-registry-prometheus/1.13.4/micrometer-registry-prometheus-1.13.4.jar:/home/alex/.m2/repository/io/micrometer/micrometer-core/1.13.4/micrometer-core-1.13.4.jar:/home/alex/.m2/repository/org/hdrhistogram/HdrHistogram/2.2.2/HdrHistogram-2.2.2.jar:/home/alex/.m2/repository/org/latencyutils/LatencyUtils/2.0.3/LatencyUtils-2.0.3.jar:/home/alex/.m2/repository/io/prometheus/prometheus-metrics-core/1.2.1/prometheus-metrics-core-1.2.1.jar:/home/alex/.m2/repository/io/prometheus/prometheus-metrics-model/1.2.1/prometheus-metrics-model-1.2.1.jar:/home/alex/.m2/repository/io/prometheus/prometheus-metrics-config/1.2.1/prometheus-metrics-config-1.2.1.jar:/home/alex/.m2/repository/io/prometheus/prometheus-metrics-tracer-common/1.2.1/prometheus-metrics-tracer-common-1.2.1.jar:/home/alex/.m2/repository/io/prometheus/prometheus-metrics-exposition-formats/1.2.1/prometheus-metrics-exposition-formats-1.2.1.jar:/home/alex/.m2/repository/io/prometheus/prometheus-metrics-shaded-protobuf/1.2.1/prometheus-metrics-shaded-protobuf-1.2.1.jar:/home/alex/.m2/repository/org/owasp/dependency-check-maven/10.0.2/dependency-check-maven-10.0.2.jar:/home/alex/.m2/repository/org/owasp/dependency-check-core/10.0.2/dependency-check-core-10.0.2.jar:/home/alex/.m2/repository/io/github/jeremylong/open-vulnerability-clients/6.1.2/open-vulnerability-clients-6.1.2.jar:/home/alex/.m2/repository/org/apache/httpcomponents/client5/httpclient5/5.3.1/httpclient5-5.3.1.jar:/home/alex/.m2/repository/org/apache/httpcomponents/core5/httpcore5/5.2.5/httpcore5-5.2.5.jar:/home/alex/.m2/repository/org/apache/httpcomponents/core5/httpcore5-h2/5.2.5/httpcore5-h2-5.2.5.jar:/home/alex/.m2/repository/com/samskivert/jmustache/1.16/jmustache-1.16.jar:/home/alex/.m2/repository/org/anarres/jdiagnostics/jdiagnostics/1.0.7/jdiagnostics-1.0.7.jar:/home/alex/.m2/repository/org/whitesource/pecoff4j/0.0.2.1/pecoff4j-0.0.2.1.jar:/home/alex/.m2/repository/com/github/package-url/packageurl-java/1.5.0/packageurl-java-1.5.0.jar:/home/alex/.m2/repository/us/springett/cpe-parser/2.1.0/cpe-parser-2.1.0.jar:/home/alex/.m2/repository/org/semver4j/semver4j/5.3.0/semver4j-5.3.0.jar:/home/alex/.m2/repository/org/apache/commons/commons-collections4/4.4/commons-collections4-4.4.jar:/home/alex/.m2/repository/org/apache/commons/commons-compress/1.26.2/commons-compress-1.26.2.jar:/home/alex/.m2/repository/commons-codec/commons-codec/1.16.1/commons-codec-1.16.1.jar:/home/alex/.m2/repository/commons-io/commons-io/2.16.1/commons-io-2.16.1.jar:/home/alex/.m2/repository/org/apache/commons/commons-lang3/3.14.0/commons-lang3-3.14.0.jar:/home/alex/.m2/repository/org/apache/commons/commons-text/1.12.0/commons-text-1.12.0.jar:/home/alex/.m2/repository/org/apache/commons/commons-dbcp2/2.12.0/commons-dbcp2-2.12.0.jar:/home/alex/.m2/repository/org/apache/commons/commons-pool2/2.12.0/commons-pool2-2.12.0.jar:/home/alex/.m2/repository/jakarta/transaction/jakarta.transaction-api/2.0.1/jakarta.transaction-api-2.0.1.jar:/home/alex/.m2/repository/org/apache/lucene/lucene-core/8.11.3/lucene-core-8.11.3.jar:/home/alex/.m2/repository/org/apache/lucene/lucene-analyzers-common/8.11.3/lucene-analyzers-common-8.11.3.jar:/home/alex/.m2/repository/org/apache/lucene/lucene-queryparser/8.11.3/lucene-queryparser-8.11.3.jar:/home/alex/.m2/repository/org/apache/lucene/lucene-queries/8.11.3/lucene-queries-8.11.3.jar:/home/alex/.m2/repository/org/apache/lucene/lucene-sandbox/8.11.3/lucene-sandbox-8.11.3.jar:/home/alex/.m2/repository/org/apache/velocity/velocity-engine-core/2.3/velocity-engine-core-2.3.jar:/home/alex/.m2/repository/com/h2database/h2/2.2.224/h2-2.2.224.jar:/home/alex/.m2/repository/org/glassfish/javax.json/1.1.4/javax.json-1.1.4.jar:/home/alex/.m2/repository/org/jsoup/jsoup/1.17.2/jsoup-1.17.2.jar:/home/alex/.m2/repository/com/fasterxml/jackson/module/jackson-module-afterburner/2.17.2/jackson-module-afterburner-2.17.2.jar:/home/alex/.m2/repository/com/fasterxml/jackson/module/jackson-module-blackbird/2.17.2/jackson-module-blackbird-2.17.2.jar:/home/alex/.m2/repository/com/fasterxml/jackson/dataformat/jackson-dataformat-yaml/2.17.2/jackson-dataformat-yaml-2.17.2.jar:/home/alex/.m2/repository/com/h3xstream/retirejs/retirejs-core/3.0.4/retirejs-core-3.0.4.jar:/home/alex/.m2/repository/com/esotericsoftware/minlog/1.3.1/minlog-1.3.1.jar:/home/alex/.m2/repository/com/github/spullara/mustache/java/compiler/0.9.6/compiler-0.9.6.jar:/home/alex/.m2/repository/org/sonatype/ossindex/ossindex-service-client/1.8.2/ossindex-service-client-1.8.2.jar:/home/alex/.m2/repository/org/sonatype/ossindex/ossindex-service-api/1.8.2/ossindex-service-api-1.8.2.jar:/home/alex/.m2/repository/javax/ws/rs/javax.ws.rs-api/2.0.1/javax.ws.rs-api-2.0.1.jar:/home/alex/.m2/repository/org/sonatype/goodies/package-url-java/1.1.1/package-url-java-1.1.1.jar:/home/alex/.m2/repository/javax/inject/javax.inject/1/javax.inject-1.jar:/home/alex/.m2/repository/org/slf4j/jcl-over-slf4j/2.0.16/jcl-over-slf4j-2.0.16.jar:/home/alex/.m2/repository/joda-time/joda-time/2.10.4/joda-time-2.10.4.jar:/home/alex/.m2/repository/com/google/code/gson/gson/2.10.1/gson-2.10.1.jar:/home/alex/.m2/repository/javax/xml/bind/jaxb-api/2.3.1/jaxb-api-2.3.1.jar:/home/alex/.m2/repository/javax/activation/javax.activation-api/1.2.0/javax.activation-api-1.2.0.jar:/home/alex/.m2/repository/com/google/guava/guava/33.2.1-jre/guava-33.2.1-jre.jar:/home/alex/.m2/repository/com/google/guava/failureaccess/1.0.2/failureaccess-1.0.2.jar:/home/alex/.m2/repository/com/google/guava/listenablefuture/9999.0-empty-to-avoid-conflict-with-guava/listenablefuture-9999.0-empty-to-avoid-conflict-with-guava.jar:/home/alex/.m2/repository/com/google/code/findbugs/jsr305/3.0.2/jsr305-3.0.2.jar:/home/alex/.m2/repository/org/checkerframework/checker-qual/3.42.0/checker-qual-3.42.0.jar:/home/alex/.m2/repository/com/google/errorprone/error_prone_annotations/2.26.1/error_prone_annotations-2.26.1.jar:/home/alex/.m2/repository/com/google/j2objc/j2objc-annotations/3.0.0/j2objc-annotations-3.0.0.jar:/home/alex/.m2/repository/com/moandjiezana/toml/toml4j/0.7.2/toml4j-0.7.2.jar:/home/alex/.m2/repository/com/hankcs/aho-corasick-double-array-trie/1.2.3/aho-corasick-double-array-trie-1.2.3.jar:/home/alex/.m2/repository/commons-validator/commons-validator/1.9.0/commons-validator-1.9.0.jar:/home/alex/.m2/repository/commons-digester/commons-digester/2.1/commons-digester-2.1.jar:/home/alex/.m2/repository/commons-logging/commons-logging/1.3.2/commons-logging-1.3.2.jar:/home/alex/.m2/repository/commons-collections/commons-collections/3.2.2/commons-collections-3.2.2.jar:/home/alex/.m2/repository/commons-beanutils/commons-beanutils/1.9.4/commons-beanutils-1.9.4.jar:/home/alex/.m2/repository/org/eclipse/packager/packager-rpm/0.19.0/packager-rpm-0.19.0.jar:/home/alex/.m2/repository/org/eclipse/packager/packager-core/0.19.0/packager-core-0.19.0.jar:/home/alex/.m2/repository/org/bouncycastle/bcprov-jdk18on/1.71/bcprov-jdk18on-1.71.jar:/home/alex/.m2/repository/org/bouncycastle/bcpg-jdk18on/1.71/bcpg-jdk18on-1.71.jar:/home/alex/.m2/repository/org/tukaani/xz/1.9/xz-1.9.jar:/home/alex/.m2/repository/org/owasp/dependency-check-utils/10.0.2/dependency-check-utils-10.0.2.jar:/home/alex/.m2/repository/org/apache/commons/commons-jcs3-core/3.2.1/commons-jcs3-core-3.2.1.jar:/home/alex/.m2/repository/io/github/jeremylong/jcs3-slf4j/1.0.5/jcs3-slf4j-1.0.5.jar:/home/alex/.m2/repository/org/apache/maven/shared/file-management/3.1.0/file-management-3.1.0.jar:/home/alex/.m2/repository/org/codehaus/plexus/plexus-utils/4.0.1/plexus-utils-4.0.1.jar:/home/alex/.m2/repository/org/codehaus/plexus/plexus-xml/4.0.4/plexus-xml-4.0.4.jar:/home/alex/.m2/repository/org/apache/maven/maven-xml-impl/4.0.0-alpha-9/maven-xml-impl-4.0.0-alpha-9.jar:/home/alex/.m2/repository/org/apache/maven/maven-api-xml/4.0.0-alpha-9/maven-api-xml-4.0.0-alpha-9.jar:/home/alex/.m2/repository/org/apache/maven/maven-api-meta/4.0.0-alpha-9/maven-api-meta-4.0.0-alpha-9.jar:/home/alex/.m2/repository/com/fasterxml/woodstox/woodstox-core/6.5.1/woodstox-core-6.5.1.jar:/home/alex/.m2/repository/org/codehaus/woodstox/stax2-api/4.2.1/stax2-api-4.2.1.jar:/home/alex/.m2/repository/org/apache/maven/reporting/maven-reporting-api/3.1.1/maven-reporting-api-3.1.1.jar:/home/alex/.m2/repository/org/apache/maven/doxia/doxia-sink-api/1.11.1/doxia-sink-api-1.11.1.jar:/home/alex/.m2/repository/org/apache/maven/doxia/doxia-logging-api/1.11.1/doxia-logging-api-1.11.1.jar:/home/alex/.m2/repository/org/sonatype/plexus/plexus-sec-dispatcher/1.4/plexus-sec-dispatcher-1.4.jar:/home/alex/.m2/repository/org/sonatype/plexus/plexus-cipher/1.4/plexus-cipher-1.4.jar:/home/alex/.m2/repository/org/apache/maven/shared/maven-dependency-tree/3.3.0/maven-dependency-tree-3.3.0.jar:/home/alex/.m2/repository/org/apache/maven/resolver/maven-resolver-util/1.4.1/maven-resolver-util-1.4.1.jar:/home/alex/.m2/repository/org/apache/maven/resolver/maven-resolver-api/1.4.1/maven-resolver-api-1.4.1.jar:/home/alex/.m2/repository/org/apache/maven/shared/maven-artifact-transfer/0.13.1/maven-artifact-transfer-0.13.1.jar:/home/alex/.m2/repository/org/apache/maven/maven-core/3.0/maven-core-3.0.jar:/home/alex/.m2/repository/org/apache/maven/maven-model/3.0/maven-model-3.0.jar:/home/alex/.m2/repository/org/apache/maven/maven-settings/3.0/maven-settings-3.0.jar:/home/alex/.m2/repository/org/apache/maven/maven-settings-builder/3.0/maven-settings-builder-3.0.jar:/home/alex/.m2/repository/org/apache/maven/maven-repository-metadata/3.0/maven-repository-metadata-3.0.jar:/home/alex/.m2/repository/org/apache/maven/maven-plugin-api/3.0/maven-plugin-api-3.0.jar:/home/alex/.m2/repository/org/apache/maven/maven-model-builder/3.0/maven-model-builder-3.0.jar:/home/alex/.m2/repository/org/apache/maven/maven-aether-provider/3.0/maven-aether-provider-3.0.jar:/home/alex/.m2/repository/org/sonatype/aether/aether-impl/1.7/aether-impl-1.7.jar:/home/alex/.m2/repository/org/sonatype/aether/aether-spi/1.7/aether-spi-1.7.jar:/home/alex/.m2/repository/org/sonatype/aether/aether-api/1.7/aether-api-1.7.jar:/home/alex/.m2/repository/org/sonatype/aether/aether-util/1.7/aether-util-1.7.jar:/home/alex/.m2/repository/org/sonatype/sisu/sisu-inject-plexus/1.4.2/sisu-inject-plexus-1.4.2.jar:/home/alex/.m2/repository/org/sonatype/sisu/sisu-inject-bean/1.4.2/sisu-inject-bean-1.4.2.jar:/home/alex/.m2/repository/org/sonatype/sisu/sisu-guice/2.1.7/sisu-guice-2.1.7-noaop.jar:/home/alex/.m2/repository/org/codehaus/plexus/plexus-interpolation/1.14/plexus-interpolation-1.14.jar:/home/alex/.m2/repository/org/codehaus/plexus/plexus-classworlds/2.2.3/plexus-classworlds-2.2.3.jar:/home/alex/.m2/repository/org/apache/maven/maven-artifact/3.0/maven-artifact-3.0.jar:/home/alex/.m2/repository/org/codehaus/plexus/plexus-component-annotations/2.0.0/plexus-component-annotations-2.0.0.jar:/home/alex/.m2/repository/org/apache/maven/shared/maven-common-artifact-filters/3.1.0/maven-common-artifact-filters-3.1.0.jar:/home/alex/.m2/repository/org/apache/maven/shared/maven-shared-utils/3.1.0/maven-shared-utils-3.1.0.jar:"/>
    <property name="java.vm.vendor" value="Ubuntu"/>
    <property name="sun.arch.data.model" value="64"/>
    <property name="java.vendor.url" value="https://ubuntu.com/"/>
    <property name="user.timezone" value="America/Sao_Paulo"/>
    <property name="user.country.format" value="BR"/>
    <property name="os.name" value="Linux"/>
    <property name="java.vm.specification.version" value="17"/>
    <property name="sun.java.launcher" value="SUN_STANDARD"/>
    <property name="user.country" value="US"/>
    <property name="sun.boot.library.path" value="/usr/lib/jvm/java-17-openjdk-amd64/lib"/>
    <property name="sun.java.command" value="/home/alex/Documentos/SÁBADO/2_Second_Project/ms-save-car/target/surefire/surefirebooter-20241005065940648_3.jar /home/alex/Documentos/SÁBADO/2_Second_Project/ms-save-car/target/surefire 2024-10-05T06-59-40_410-jvmRun1 surefire-20241005065940648_1tmp surefire_0-20241005065940648_2tmp"/>
    <property name="jdk.debug" value="release"/>
    <property name="surefire.test.class.path" value="/home/alex/Documentos/SÁBADO/2_Second_Project/ms-save-car/target/test-classes:/home/alex/Documentos/SÁBADO/2_Second_Project/ms-save-car/target/classes:/home/alex/.m2/repository/org/springframework/boot/spring-boot-starter-web/3.3.4/spring-boot-starter-web-3.3.4.jar:/home/alex/.m2/repository/org/springframework/boot/spring-boot-starter/3.3.4/spring-boot-starter-3.3.4.jar:/home/alex/.m2/repository/org/springframework/boot/spring-boot/3.3.4/spring-boot-3.3.4.jar:/home/alex/.m2/repository/org/springframework/boot/spring-boot-autoconfigure/3.3.4/spring-boot-autoconfigure-3.3.4.jar:/home/alex/.m2/repository/org/springframework/boot/spring-boot-starter-logging/3.3.4/spring-boot-starter-logging-3.3.4.jar:/home/alex/.m2/repository/ch/qos/logback/logback-classic/1.5.8/logback-classic-1.5.8.jar:/home/alex/.m2/repository/ch/qos/logback/logback-core/1.5.8/logback-core-1.5.8.jar:/home/alex/.m2/repository/org/apache/logging/log4j/log4j-to-slf4j/2.23.1/log4j-to-slf4j-2.23.1.jar:/home/alex/.m2/repository/org/apache/logging/log4j/log4j-api/2.23.1/log4j-api-2.23.1.jar:/home/alex/.m2/repository/org/slf4j/jul-to-slf4j/2.0.16/jul-to-slf4j-2.0.16.jar:/home/alex/.m2/repository/jakarta/annotation/jakarta.annotation-api/2.1.1/jakarta.annotation-api-2.1.1.jar:/home/alex/.m2/repository/org/yaml/snakeyaml/2.2/snakeyaml-2.2.jar:/home/alex/.m2/repository/org/springframework/boot/spring-boot-starter-json/3.3.4/spring-boot-starter-json-3.3.4.jar:/home/alex/.m2/repository/com/fasterxml/jackson/core/jackson-databind/2.17.2/jackson-databind-2.17.2.jar:/home/alex/.m2/repository/com/fasterxml/jackson/core/jackson-annotations/2.17.2/jackson-annotations-2.17.2.jar:/home/alex/.m2/repository/com/fasterxml/jackson/core/jackson-core/2.17.2/jackson-core-2.17.2.jar:/home/alex/.m2/repository/com/fasterxml/jackson/datatype/jackson-datatype-jdk8/2.17.2/jackson-datatype-jdk8-2.17.2.jar:/home/alex/.m2/repository/com/fasterxml/jackson/datatype/jackson-datatype-jsr310/2.17.2/jackson-datatype-jsr310-2.17.2.jar:/home/alex/.m2/repository/com/fasterxml/jackson/module/jackson-module-parameter-names/2.17.2/jackson-module-parameter-names-2.17.2.jar:/home/alex/.m2/repository/org/springframework/boot/spring-boot-starter-tomcat/3.3.4/spring-boot-starter-tomcat-3.3.4.jar:/home/alex/.m2/repository/org/apache/tomcat/embed/tomcat-embed-core/10.1.30/tomcat-embed-core-10.1.30.jar:/home/alex/.m2/repository/org/apache/tomcat/embed/tomcat-embed-el/10.1.30/tomcat-embed-el-10.1.30.jar:/home/alex/.m2/repository/org/apache/tomcat/embed/tomcat-embed-websocket/10.1.30/tomcat-embed-websocket-10.1.30.jar:/home/alex/.m2/repository/org/springframework/spring-web/6.1.13/spring-web-6.1.13.jar:/home/alex/.m2/repository/org/springframework/spring-beans/6.1.13/spring-beans-6.1.13.jar:/home/alex/.m2/repository/org/springframework/spring-webmvc/6.1.13/spring-webmvc-6.1.13.jar:/home/alex/.m2/repository/org/springframework/spring-aop/6.1.13/spring-aop-6.1.13.jar:/home/alex/.m2/repository/org/springframework/spring-context/6.1.13/spring-context-6.1.13.jar:/home/alex/.m2/repository/org/springframework/spring-expression/6.1.13/spring-expression-6.1.13.jar:/home/alex/.m2/repository/org/projectlombok/lombok/1.18.34/lombok-1.18.34.jar:/home/alex/.m2/repository/org/springframework/boot/spring-boot-starter-test/3.3.4/spring-boot-starter-test-3.3.4.jar:/home/alex/.m2/repository/org/springframework/boot/spring-boot-test/3.3.4/spring-boot-test-3.3.4.jar:/home/alex/.m2/repository/org/springframework/boot/spring-boot-test-autoconfigure/3.3.4/spring-boot-test-autoconfigure-3.3.4.jar:/home/alex/.m2/repository/com/jayway/jsonpath/json-path/2.9.0/json-path-2.9.0.jar:/home/alex/.m2/repository/org/slf4j/slf4j-api/2.0.16/slf4j-api-2.0.16.jar:/home/alex/.m2/repository/jakarta/xml/bind/jakarta.xml.bind-api/4.0.2/jakarta.xml.bind-api-4.0.2.jar:/home/alex/.m2/repository/jakarta/activation/jakarta.activation-api/2.1.3/jakarta.activation-api-2.1.3.jar:/home/alex/.m2/repository/net/minidev/json-smart/2.5.1/json-smart-2.5.1.jar:/home/alex/.m2/repository/net/minidev/accessors-smart/2.5.1/accessors-smart-2.5.1.jar:/home/alex/.m2/repository/org/ow2/asm/asm/9.6/asm-9.6.jar:/home/alex/.m2/repository/org/assertj/assertj-core/3.25.3/assertj-core-3.25.3.jar:/home/alex/.m2/repository/net/bytebuddy/byte-buddy/1.14.19/byte-buddy-1.14.19.jar:/home/alex/.m2/repository/org/awaitility/awaitility/4.2.2/awaitility-4.2.2.jar:/home/alex/.m2/repository/org/hamcrest/hamcrest/2.2/hamcrest-2.2.jar:/home/alex/.m2/repository/org/junit/jupiter/junit-jupiter/5.10.3/junit-jupiter-5.10.3.jar:/home/alex/.m2/repository/org/junit/jupiter/junit-jupiter-api/5.10.3/junit-jupiter-api-5.10.3.jar:/home/alex/.m2/repository/org/opentest4j/opentest4j/1.3.0/opentest4j-1.3.0.jar:/home/alex/.m2/repository/org/junit/platform/junit-platform-commons/1.10.3/junit-platform-commons-1.10.3.jar:/home/alex/.m2/repository/org/apiguardian/apiguardian-api/1.1.2/apiguardian-api-1.1.2.jar:/home/alex/.m2/repository/org/junit/jupiter/junit-jupiter-params/5.10.3/junit-jupiter-params-5.10.3.jar:/home/alex/.m2/repository/org/junit/jupiter/junit-jupiter-engine/5.10.3/junit-jupiter-engine-5.10.3.jar:/home/alex/.m2/repository/org/junit/platform/junit-platform-engine/1.10.3/junit-platform-engine-1.10.3.jar:/home/alex/.m2/repository/org/mockito/mockito-core/5.11.0/mockito-core-5.11.0.jar:/home/alex/.m2/repository/net/bytebuddy/byte-buddy-agent/1.14.19/byte-buddy-agent-1.14.19.jar:/home/alex/.m2/repository/org/objenesis/objenesis/3.3/objenesis-3.3.jar:/home/alex/.m2/repository/org/mockito/mockito-junit-jupiter/5.11.0/mockito-junit-jupiter-5.11.0.jar:/home/alex/.m2/repository/org/skyscreamer/jsonassert/1.5.3/jsonassert-1.5.3.jar:/home/alex/.m2/repository/com/vaadin/external/google/android-json/0.0.20131108.vaadin1/android-json-0.0.20131108.vaadin1.jar:/home/alex/.m2/repository/org/springframework/spring-core/6.1.13/spring-core-6.1.13.jar:/home/alex/.m2/repository/org/springframework/spring-jcl/6.1.13/spring-jcl-6.1.13.jar:/home/alex/.m2/repository/org/springframework/spring-test/6.1.13/spring-test-6.1.13.jar:/home/alex/.m2/repository/org/xmlunit/xmlunit-core/2.9.1/xmlunit-core-2.9.1.jar:/home/alex/.m2/repository/org/springframework/boot/spring-boot-starter-actuator/3.3.4/spring-boot-starter-actuator-3.3.4.jar:/home/alex/.m2/repository/org/springframework/boot/spring-boot-actuator-autoconfigure/3.3.4/spring-boot-actuator-autoconfigure-3.3.4.jar:/home/alex/.m2/repository/org/springframework/boot/spring-boot-actuator/3.3.4/spring-boot-actuator-3.3.4.jar:/home/alex/.m2/repository/io/micrometer/micrometer-observation/1.13.4/micrometer-observation-1.13.4.jar:/home/alex/.m2/repository/io/micrometer/micrometer-commons/1.13.4/micrometer-commons-1.13.4.jar:/home/alex/.m2/repository/io/micrometer/micrometer-jakarta9/1.13.4/micrometer-jakarta9-1.13.4.jar:/home/alex/.m2/repository/io/micrometer/micrometer-registry-prometheus/1.13.4/micrometer-registry-prometheus-1.13.4.jar:/home/alex/.m2/repository/io/micrometer/micrometer-core/1.13.4/micrometer-core-1.13.4.jar:/home/alex/.m2/repository/org/hdrhistogram/HdrHistogram/2.2.2/HdrHistogram-2.2.2.jar:/home/alex/.m2/repository/org/latencyutils/LatencyUtils/2.0.3/LatencyUtils-2.0.3.jar:/home/alex/.m2/repository/io/prometheus/prometheus-metrics-core/1.2.1/prometheus-metrics-core-1.2.1.jar:/home/alex/.m2/repository/io/prometheus/prometheus-metrics-model/1.2.1/prometheus-metrics-model-1.2.1.jar:/home/alex/.m2/repository/io/prometheus/prometheus-metrics-config/1.2.1/prometheus-metrics-config-1.2.1.jar:/home/alex/.m2/repository/io/prometheus/prometheus-metrics-tracer-common/1.2.1/prometheus-metrics-tracer-common-1.2.1.jar:/home/alex/.m2/repository/io/prometheus/prometheus-metrics-exposition-formats/1.2.1/prometheus-metrics-exposition-formats-1.2.1.jar:/home/alex/.m2/repository/io/prometheus/prometheus-metrics-shaded-protobuf/1.2.1/prometheus-metrics-shaded-protobuf-1.2.1.jar:/home/alex/.m2/repository/org/owasp/dependency-check-maven/10.0.2/dependency-check-maven-10.0.2.jar:/home/alex/.m2/repository/org/owasp/dependency-check-core/10.0.2/dependency-check-core-10.0.2.jar:/home/alex/.m2/repository/io/github/jeremylong/open-vulnerability-clients/6.1.2/open-vulnerability-clients-6.1.2.jar:/home/alex/.m2/repository/org/apache/httpcomponents/client5/httpclient5/5.3.1/httpclient5-5.3.1.jar:/home/alex/.m2/repository/org/apache/httpcomponents/core5/httpcore5/5.2.5/httpcore5-5.2.5.jar:/home/alex/.m2/repository/org/apache/httpcomponents/core5/httpcore5-h2/5.2.5/httpcore5-h2-5.2.5.jar:/home/alex/.m2/repository/com/samskivert/jmustache/1.16/jmustache-1.16.jar:/home/alex/.m2/repository/org/anarres/jdiagnostics/jdiagnostics/1.0.7/jdiagnostics-1.0.7.jar:/home/alex/.m2/repository/org/whitesource/pecoff4j/0.0.2.1/pecoff4j-0.0.2.1.jar:/home/alex/.m2/repository/com/github/package-url/packageurl-java/1.5.0/packageurl-java-1.5.0.jar:/home/alex/.m2/repository/us/springett/cpe-parser/2.1.0/cpe-parser-2.1.0.jar:/home/alex/.m2/repository/org/semver4j/semver4j/5.3.0/semver4j-5.3.0.jar:/home/alex/.m2/repository/org/apache/commons/commons-collections4/4.4/commons-collections4-4.4.jar:/home/alex/.m2/repository/org/apache/commons/commons-compress/1.26.2/commons-compress-1.26.2.jar:/home/alex/.m2/repository/commons-codec/commons-codec/1.16.1/commons-codec-1.16.1.jar:/home/alex/.m2/repository/commons-io/commons-io/2.16.1/commons-io-2.16.1.jar:/home/alex/.m2/repository/org/apache/commons/commons-lang3/3.14.0/commons-lang3-3.14.0.jar:/home/alex/.m2/repository/org/apache/commons/commons-text/1.12.0/commons-text-1.12.0.jar:/home/alex/.m2/repository/org/apache/commons/commons-dbcp2/2.12.0/commons-dbcp2-2.12.0.jar:/home/alex/.m2/repository/org/apache/commons/commons-pool2/2.12.0/commons-pool2-2.12.0.jar:/home/alex/.m2/repository/jakarta/transaction/jakarta.transaction-api/2.0.1/jakarta.transaction-api-2.0.1.jar:/home/alex/.m2/repository/org/apache/lucene/lucene-core/8.11.3/lucene-core-8.11.3.jar:/home/alex/.m2/repository/org/apache/lucene/lucene-analyzers-common/8.11.3/lucene-analyzers-common-8.11.3.jar:/home/alex/.m2/repository/org/apache/lucene/lucene-queryparser/8.11.3/lucene-queryparser-8.11.3.jar:/home/alex/.m2/repository/org/apache/lucene/lucene-queries/8.11.3/lucene-queries-8.11.3.jar:/home/alex/.m2/repository/org/apache/lucene/lucene-sandbox/8.11.3/lucene-sandbox-8.11.3.jar:/home/alex/.m2/repository/org/apache/velocity/velocity-engine-core/2.3/velocity-engine-core-2.3.jar:/home/alex/.m2/repository/com/h2database/h2/2.2.224/h2-2.2.224.jar:/home/alex/.m2/repository/org/glassfish/javax.json/1.1.4/javax.json-1.1.4.jar:/home/alex/.m2/repository/org/jsoup/jsoup/1.17.2/jsoup-1.17.2.jar:/home/alex/.m2/repository/com/fasterxml/jackson/module/jackson-module-afterburner/2.17.2/jackson-module-afterburner-2.17.2.jar:/home/alex/.m2/repository/com/fasterxml/jackson/module/jackson-module-blackbird/2.17.2/jackson-module-blackbird-2.17.2.jar:/home/alex/.m2/repository/com/fasterxml/jackson/dataformat/jackson-dataformat-yaml/2.17.2/jackson-dataformat-yaml-2.17.2.jar:/home/alex/.m2/repository/com/h3xstream/retirejs/retirejs-core/3.0.4/retirejs-core-3.0.4.jar:/home/alex/.m2/repository/com/esotericsoftware/minlog/1.3.1/minlog-1.3.1.jar:/home/alex/.m2/repository/com/github/spullara/mustache/java/compiler/0.9.6/compiler-0.9.6.jar:/home/alex/.m2/repository/org/sonatype/ossindex/ossindex-service-client/1.8.2/ossindex-service-client-1.8.2.jar:/home/alex/.m2/repository/org/sonatype/ossindex/ossindex-service-api/1.8.2/ossindex-service-api-1.8.2.jar:/home/alex/.m2/repository/javax/ws/rs/javax.ws.rs-api/2.0.1/javax.ws.rs-api-2.0.1.jar:/home/alex/.m2/repository/org/sonatype/goodies/package-url-java/1.1.1/package-url-java-1.1.1.jar:/home/alex/.m2/repository/javax/inject/javax.inject/1/javax.inject-1.jar:/home/alex/.m2/repository/org/slf4j/jcl-over-slf4j/2.0.16/jcl-over-slf4j-2.0.16.jar:/home/alex/.m2/repository/joda-time/joda-time/2.10.4/joda-time-2.10.4.jar:/home/alex/.m2/repository/com/google/code/gson/gson/2.10.1/gson-2.10.1.jar:/home/alex/.m2/repository/javax/xml/bind/jaxb-api/2.3.1/jaxb-api-2.3.1.jar:/home/alex/.m2/repository/javax/activation/javax.activation-api/1.2.0/javax.activation-api-1.2.0.jar:/home/alex/.m2/repository/com/google/guava/guava/33.2.1-jre/guava-33.2.1-jre.jar:/home/alex/.m2/repository/com/google/guava/failureaccess/1.0.2/failureaccess-1.0.2.jar:/home/alex/.m2/repository/com/google/guava/listenablefuture/9999.0-empty-to-avoid-conflict-with-guava/listenablefuture-9999.0-empty-to-avoid-conflict-with-guava.jar:/home/alex/.m2/repository/com/google/code/findbugs/jsr305/3.0.2/jsr305-3.0.2.jar:/home/alex/.m2/repository/org/checkerframework/checker-qual/3.42.0/checker-qual-3.42.0.jar:/home/alex/.m2/repository/com/google/errorprone/error_prone_annotations/2.26.1/error_prone_annotations-2.26.1.jar:/home/alex/.m2/repository/com/google/j2objc/j2objc-annotations/3.0.0/j2objc-annotations-3.0.0.jar:/home/alex/.m2/repository/com/moandjiezana/toml/toml4j/0.7.2/toml4j-0.7.2.jar:/home/alex/.m2/repository/com/hankcs/aho-corasick-double-array-trie/1.2.3/aho-corasick-double-array-trie-1.2.3.jar:/home/alex/.m2/repository/commons-validator/commons-validator/1.9.0/commons-validator-1.9.0.jar:/home/alex/.m2/repository/commons-digester/commons-digester/2.1/commons-digester-2.1.jar:/home/alex/.m2/repository/commons-logging/commons-logging/1.3.2/commons-logging-1.3.2.jar:/home/alex/.m2/repository/commons-collections/commons-collections/3.2.2/commons-collections-3.2.2.jar:/home/alex/.m2/repository/commons-beanutils/commons-beanutils/1.9.4/commons-beanutils-1.9.4.jar:/home/alex/.m2/repository/org/eclipse/packager/packager-rpm/0.19.0/packager-rpm-0.19.0.jar:/home/alex/.m2/repository/org/eclipse/packager/packager-core/0.19.0/packager-core-0.19.0.jar:/home/alex/.m2/repository/org/bouncycastle/bcprov-jdk18on/1.71/bcprov-jdk18on-1.71.jar:/home/alex/.m2/repository/org/bouncycastle/bcpg-jdk18on/1.71/bcpg-jdk18on-1.71.jar:/home/alex/.m2/repository/org/tukaani/xz/1.9/xz-1.9.jar:/home/alex/.m2/repository/org/owasp/dependency-check-utils/10.0.2/dependency-check-utils-10.0.2.jar:/home/alex/.m2/repository/org/apache/commons/commons-jcs3-core/3.2.1/commons-jcs3-core-3.2.1.jar:/home/alex/.m2/repository/io/github/jeremylong/jcs3-slf4j/1.0.5/jcs3-slf4j-1.0.5.jar:/home/alex/.m2/repository/org/apache/maven/shared/file-management/3.1.0/file-management-3.1.0.jar:/home/alex/.m2/repository/org/codehaus/plexus/plexus-utils/4.0.1/plexus-utils-4.0.1.jar:/home/alex/.m2/repository/org/codehaus/plexus/plexus-xml/4.0.4/plexus-xml-4.0.4.jar:/home/alex/.m2/repository/org/apache/maven/maven-xml-impl/4.0.0-alpha-9/maven-xml-impl-4.0.0-alpha-9.jar:/home/alex/.m2/repository/org/apache/maven/maven-api-xml/4.0.0-alpha-9/maven-api-xml-4.0.0-alpha-9.jar:/home/alex/.m2/repository/org/apache/maven/maven-api-meta/4.0.0-alpha-9/maven-api-meta-4.0.0-alpha-9.jar:/home/alex/.m2/repository/com/fasterxml/woodstox/woodstox-core/6.5.1/woodstox-core-6.5.1.jar:/home/alex/.m2/repository/org/codehaus/woodstox/stax2-api/4.2.1/stax2-api-4.2.1.jar:/home/alex/.m2/repository/org/apache/maven/reporting/maven-reporting-api/3.1.1/maven-reporting-api-3.1.1.jar:/home/alex/.m2/repository/org/apache/maven/doxia/doxia-sink-api/1.11.1/doxia-sink-api-1.11.1.jar:/home/alex/.m2/repository/org/apache/maven/doxia/doxia-logging-api/1.11.1/doxia-logging-api-1.11.1.jar:/home/alex/.m2/repository/org/sonatype/plexus/plexus-sec-dispatcher/1.4/plexus-sec-dispatcher-1.4.jar:/home/alex/.m2/repository/org/sonatype/plexus/plexus-cipher/1.4/plexus-cipher-1.4.jar:/home/alex/.m2/repository/org/apache/maven/shared/maven-dependency-tree/3.3.0/maven-dependency-tree-3.3.0.jar:/home/alex/.m2/repository/org/apache/maven/resolver/maven-resolver-util/1.4.1/maven-resolver-util-1.4.1.jar:/home/alex/.m2/repository/org/apache/maven/resolver/maven-resolver-api/1.4.1/maven-resolver-api-1.4.1.jar:/home/alex/.m2/repository/org/apache/maven/shared/maven-artifact-transfer/0.13.1/maven-artifact-transfer-0.13.1.jar:/home/alex/.m2/repository/org/apache/maven/maven-core/3.0/maven-core-3.0.jar:/home/alex/.m2/repository/org/apache/maven/maven-model/3.0/maven-model-3.0.jar:/home/alex/.m2/repository/org/apache/maven/maven-settings/3.0/maven-settings-3.0.jar:/home/alex/.m2/repository/org/apache/maven/maven-settings-builder/3.0/maven-settings-builder-3.0.jar:/home/alex/.m2/repository/org/apache/maven/maven-repository-metadata/3.0/maven-repository-metadata-3.0.jar:/home/alex/.m2/repository/org/apache/maven/maven-plugin-api/3.0/maven-plugin-api-3.0.jar:/home/alex/.m2/repository/org/apache/maven/maven-model-builder/3.0/maven-model-builder-3.0.jar:/home/alex/.m2/repository/org/apache/maven/maven-aether-provider/3.0/maven-aether-provider-3.0.jar:/home/alex/.m2/repository/org/sonatype/aether/aether-impl/1.7/aether-impl-1.7.jar:/home/alex/.m2/repository/org/sonatype/aether/aether-spi/1.7/aether-spi-1.7.jar:/home/alex/.m2/repository/org/sonatype/aether/aether-api/1.7/aether-api-1.7.jar:/home/alex/.m2/repository/org/sonatype/aether/aether-util/1.7/aether-util-1.7.jar:/home/alex/.m2/repository/org/sonatype/sisu/sisu-inject-plexus/1.4.2/sisu-inject-plexus-1.4.2.jar:/home/alex/.m2/repository/org/sonatype/sisu/sisu-inject-bean/1.4.2/sisu-inject-bean-1.4.2.jar:/home/alex/.m2/repository/org/sonatype/sisu/sisu-guice/2.1.7/sisu-guice-2.1.7-noaop.jar:/home/alex/.m2/repository/org/codehaus/plexus/plexus-interpolation/1.14/plexus-interpolation-1.14.jar:/home/alex/.m2/repository/org/codehaus/plexus/plexus-classworlds/2.2.3/plexus-classworlds-2.2.3.jar:/home/alex/.m2/repository/org/apache/maven/maven-artifact/3.0/maven-artifact-3.0.jar:/home/alex/.m2/repository/org/codehaus/plexus/plexus-component-annotations/2.0.0/plexus-component-annotations-2.0.0.jar:/home/alex/.m2/repository/org/apache/maven/shared/maven-common-artifact-filters/3.1.0/maven-common-artifact-filters-3.1.0.jar:/home/alex/.m2/repository/org/apache/maven/shared/maven-shared-utils/3.1.0/maven-shared-utils-3.1.0.jar:"/>
    <property name="sun.cpu.endian" value="little"/>
    <property name="user.home" value="/home/alex"/>
    <property name="user.language" value="en"/>
    <property name="java.specification.vendor" value="Oracle Corporation"/>
    <property name="java.version.date" value="2024-07-16"/>
    <property name="java.home" value="/usr/lib/jvm/java-17-openjdk-amd64"/>
    <property name="file.separator" value="/"/>
    <property name="basedir" value="/home/alex/Documentos/SÁBADO/2_Second_Project/ms-save-car"/>
    <property name="java.vm.compressedOopsMode" value="Zero based"/>
    <property name="line.separator" value="&#10;"/>
    <property name="java.vm.specification.vendor" value="Oracle Corporation"/>
    <property name="java.specification.name" value="Java Platform API Specification"/>
    <property name="FILE_LOG_CHARSET" value="UTF-8"/>
    <property name="java.awt.headless" value="true"/>
    <property name="surefire.real.class.path" value="/home/alex/Documentos/SÁBADO/2_Second_Project/ms-save-car/target/surefire/surefirebooter-20241005065940648_3.jar"/>
    <property name="sun.management.compiler" value="HotSpot 64-Bit Tiered Compilers"/>
    <property name="java.runtime.version" value="17.0.12+7-Ubuntu-1ubuntu222.04"/>
    <property name="user.name" value="alex"/>
    <property name="path.separator" value=":"/>
    <property name="os.version" value="6.8.0-45-generic"/>
    <property name="java.runtime.name" value="OpenJDK Runtime Environment"/>
    <property name="file.encoding" value="UTF-8"/>
    <property name="java.vm.name" value="OpenJDK 64-Bit Server VM"/>
    <property name="localRepository" value="/home/alex/.m2/repository"/>
    <property name="java.vendor.url.bug" value="https://bugs.launchpad.net/ubuntu/+source/openjdk-17"/>
    <property name="java.io.tmpdir" value="/tmp"/>
    <property name="java.version" value="17.0.12"/>
    <property name="user.dir" value="/home/alex/Documentos/SÁBADO/2_Second_Project/ms-save-car"/>
    <property name="os.arch" value="amd64"/>
    <property name="java.vm.specification.name" value="Java Virtual Machine Specification"/>
    <property name="PID" value="27260"/>
    <property name="user.language.format" value="pt"/>
    <property name="CONSOLE_LOG_CHARSET" value="UTF-8"/>
    <property name="native.encoding" value="UTF-8"/>
    <property name="java.library.path" value="/usr/java/packages/lib:/usr/lib/x86_64-linux-gnu/jni:/lib/x86_64-linux-gnu:/usr/lib/x86_64-linux-gnu:/usr/lib/jni:/lib:/usr/lib"/>
    <property name="java.vm.info" value="mixed mode, sharing"/>
    <property name="java.vendor" value="Ubuntu"/>
    <property name="java.vm.version" value="17.0.12+7-Ubuntu-1ubuntu222.04"/>
    <property name="sun.io.unicode.encoding" value="UnicodeLittle"/>
    <property name="java.class.version" value="61.0"/>
  </properties>
  <testcase name="contextLoads" classname="br.com.devsenior.ms_save_car.MsSaveCarApplicationTests" time="2.577">
    <system-out><![CDATA[06:59:43.880 [main] INFO org.springframework.test.context.support.AnnotationConfigContextLoaderUtils -- Could not detect default configuration classes for test class [br.com.devsenior.ms_save_car.MsSaveCarApplicationTests]: MsSaveCarApplicationTests does not declare any static, non-private, non-final, nested classes annotated with @Configuration.
06:59:44.470 [main] INFO org.springframework.boot.test.context.SpringBootTestContextBootstrapper -- Found @SpringBootConfiguration br.com.devsenior.ms_save_car.MsSaveCarApplication for test class br.com.devsenior.ms_save_car.MsSaveCarApplicationTests

  .   ____          _            __ _ _
 /\\ / ___'_ __ _ _(_)_ __  __ _ \ \ \ \
( ( )\___ | '_ | '_| | '_ \/ _` | \ \ \ \
 \\/  ___)| |_)| | | | | || (_| |  ) ) ) )
  '  |____| .__|_| |_|_| |_\__, | / / / /
 =========|_|==============|___/=/_/_/_/

 :: Spring Boot ::                (v3.3.4)

2024-10-05T06:59:46.314-03:00  INFO 27260 --- [           main] b.c.d.m.MsSaveCarApplicationTests        : Starting MsSaveCarApplicationTests using Java 17.0.12 with PID 27260 (started by alex in /home/alex/Documentos/SÁBADO/2_Second_Project/ms-save-car)
2024-10-05T06:59:46.322-03:00  INFO 27260 --- [           main] b.c.d.m.MsSaveCarApplicationTests        : No active profile set, falling back to 1 default profile: "default"
2024-10-05T06:59:52.085-03:00  INFO 27260 --- [           main] o.s.b.a.e.web.EndpointLinksResolver      : Exposing 14 endpoints beneath base path ''
2024-10-05T06:59:52.245-03:00  INFO 27260 --- [           main] b.c.d.m.MsSaveCarApplicationTests        : Started MsSaveCarApplicationTests in 7.272 seconds (process running for 11.406)
]]></system-out>
  </testcase>
</testsuite>